JokesArray: changes log

Версия 3.7.2:
• Индексы архива в текущей версии: 4047-1036-514-1975-4047;
• Android: добавлен переключатель отступа для нижней панели кнопок на случай некорректного расчёта
  её расположения (на некоторых устройствах всё ещё «проваливается» за системную панель навигации)

Версия 3.7.1:
• Android: дополнительный цвет текста журнала теперь основывается на цвете фона (для дополнительного
  фокуса на тексте записей);
• Android: перенастроено назначение цветов и шрифтов на элементы интерфейса журнала;
• Android: скорректировано поведение кнопок в разделе категорий;
• Android: скорректировано поведение некоторых диалогов и кнопок журнала (в том числе – на Android TV);
• В онлайн-режиме реализована подгрузка слишком длинных записей из оффлайн-базы;
• Скорректировано построение длинных записей в оффлайн-базе;
• Индексы архива в текущей версии: 4041-1025-512-1969-4037

Версия 3.7:
• Android: полностью перестроен интерфейс журнала. Теперь страница ориентирована на каждую отдельную
  запись, предоставляя возможность просмотреть предыдущие «горизонтальным» пролистыванием;
• Индексы архива в текущей версии: 4037-1025-512-1968-4037;
• Удалены некоторые перегруженные категории

Версия 3.6:
• Windows: приложение было переведено на .NET 10;
• Android: приложение было перенацелено на API 36;
• Обновлены внутренние сборки приложений

Версия 3.5.5:
• Индексы архива в текущей версии: 4037-1007-510-1956-4037;
• Удалены некоторые перегруженные категории

Версия 3.5.4:
• Индексы архива в текущей версии: 4024-997-509-1951-4024;
• Обновлены внутренние сборки приложения

Версия 3.5.3:
• Индексы архива в текущей версии: 4005-989-506-1946-3998;
• Android: кнопка выбора цвета главного журнала теперь отображается в выбранном стиле

Версия 3.5.2:
• Android: исправлен дефект, не позволявший работать с онлайн-версией архива
  при однократном обрыве связи и требовавший перезапуска приложения для восстановления
  функциональности

Версия 3.5.1:
• Android: обновлён интерфейс главного журнала;
• Android: удалены лишние кнопки и пункты меню;
• Обновлены внутренние сборки приложения;
• Изъяты некоторые переполненные категории;
• Индексы архива в текущей версии: 3998-984-506-1950-3998

Версия 3.5:
• Обновлены внутренние сборки приложения;
• Индексы архива в текущей версии: 3980-976-505-1950-3978

Версия 3.4.8:
• Индексы архива в текущей версии: 3948-960-504-1940-3948;
• Android: обновлены пакеты поддержки MAUI

Версия 3.4.7:
• Индексы архива в текущей версии: 3925-948-500-1938-3925;
• Android: обновлены пакеты поддержки MAUI;
• Android: раздел категорий теперь использует настраиваемые цвета журнала, поскольку
  теперь он фактически входит с ним в единую цепь взаимодействий

Версия 3.4.6:
• Android: при исчерпании текущей категории пользователь теперь будет перенаправляться
  на страницу выбора вместо отображения сообщения о том, что категория уже просмотрена;
• Индексы архива в текущей версии: 3918-922-500-1929-3915

Версия 3.4.5:
• Индексы архива в текущей версии: 3899-907-498-1915-3890;
• Обновлены пакеты поддержки NET

Версия 3.4.2:
• Индексы архива в текущей версии: 3863-892-490-1912-3863;
• Android: обновлены пакеты поддержки MAUI

Версия 3.4:
• Исправлена ошибка отображения приветственного текста;
• Индексы архива в текущей версии: 3849-864-486-1906-3849;
• Удалена часть перегруженных категорий;
• Android: исправлено отображение некоторых кнопок

Версия 3.3.5:
• Добавлена поддержка нового провайдера оффлайн-справки;
• Android: обновлены пакеты поддержки MAUI

Версия 3.3.3:
• Windows: исправлен сбой при ручной загрузке обновления;
• Windows: добавлена поддержка пакетов DPZ;
• Индексы архива в текущей версии: 3812-861-483-1903-3812

Версия 3.3.1:
• Android: применено исправление дефекта интерфейса MAUI, позволяющего обрушить приложение
  нажатием системной кнопки Назад на главной странице. Применимо, соответственно, только
  к главной странице

Версия 3.3:
• Windows: приложение перенацелено с .NET Framework на .NET 9.0;
• Индексы архива в текущей версии: 3807-852-485-1902-3791;
• Android: добавлено подтверждение для очистки журнала;
• Android: применены некоторые рекомендации из стандарта Android 15;
• Android: обновлены пакеты поддержки MAUI;
• Android: настройка шрифта интерфейса перенесена со страницы О приложении в раздел настроек;
• Android: наконец-то в интерфейсе доступно выравнивание текста по ширине

Версия 3.2.2:
• Индексы архива в текущей версии: 3800-844-484-1900-3791 (Д-И-Ц-К-О);
• Android: добавлена возможность полной очистки журнала;
• Android: скорректировано поведение интерфейса категорий

Версия 3.2.1:
• Скорректировано отображение статистики архива для оффлайн-режима;
• Windows: в интерфейс настроек добавлены дублирующие кнопки для окон «О приложении»
  и статистики архива;
• Android: упрощён вызов последней категории;
• Android: скрыты лишние кнопки при использовании приложения не на Android TV

Версия 3.2:
• Реализован оффлайн-режим: приложение теперь может запрашивать записи из встроенной
  ограниченной копии архива записей, не используя интернет;
• Применены исправления и дополнения к индексу категорий;
• Индексы архива в текущей версии: 3791-837-483-1900

Версия 3.1.7:
• Индексы архива в текущей версии: 3778-833-480-1898;
• Завершено формирование списка категорий верхнего уровня;
• Android: добавлены новые значки в меню

Версия 3.1.6:
• Android: реализовано дробление категорий на страницы для ускорения их загрузки

Версия 3.1.5:
• Расширена статистика архива записей;
• Добавлены категории верхнего уровня «т», «у» и «ч»;
• Индексы архива в текущей версии: 3779-829-480-1923

Версия 3.1.4:
• Добавлены категории верхнего уровня «с», «ш», «щ», «э», «ю» и «я»
  (в этой версии доступна только категория «с»);
• Windows: функционал категорий теперь доступен в главном интерфейсе приложения;
• Индексы архива в текущей версии: 3777-829-480-2208

Версия 3.1.3:
• Android: добавлены значки в меню журнала;
• Добавлены категории верхнего уровня «п» и «р»;
• Исправлен и дополнен состав категорий «а» – «о»;
• Статистика по категориям теперь доступна в общей статистике архива

Версия 3.1.2:
• Добавлены категории верхнего уровня «н» и «о»

Версия 3.1.1:
• Упрощены и улучшены алгоритмы кеширования категорий;
• Android: упрощён запрос записей из последней выбранной категории (напрямую из меню);
• Исправлен и дополнен состав категорий «а» – «й»;
• Добавлены категории верхнего уровня «к», «л» и «м»

Версия 3.1:
• Android: разработана и внедрена система категоризации записей архива. Список
  категорий с возможностью запроса записей теперь доступен на отдельной странице
  приложения;
• Проведён рефакторинг кода обработчика запросов к архиву записей;
• Индексы архива в текущей версии: 3765-826-478-4762 (Д-И-Ц-К)

Версия 3.0.3:
• Скорректированы некоторые подписи в интерфейсах и инструкциях;
• Реализована обработка признака немедленной цензуры для экстренного исключения
  отдельных постов из выборок приложений с перманентной цензурой;
• Android: для них же добавлено предупреждение при переходе на канал JokesArray;
• Android: обновлены пакеты поддержки MAUI

Версия 3.0.2:
• Режим цензурирования для версий приложения для Google play и Microsoft Store
  заблокирован в положении «включён»;
• Индексы архива в текущей версии: 483-769-3749

Версия 3.0.1:
• Исправлено некорректное отображение соглашения пользователя;
• Индексы архива в текущей версии: 480-762-3736

Версия 3.0:
• Проект переименован в JokesArray

Версия 2.1.9:
• Индексы архива в текущей версии: 477-762-3735;
• Android: обновлены пакеты поддержки MAUI

Версия 2.1.7:
• Windows: ошибки обработки запросов теперь отображаются другим цветом;
• Индексы архива в текущей версии: 471-734-3702

Версия 2.1.6:
• Обновлена ссылка на Политику Лаборатории и её отображение в интерфейсе приложения;
• Индексы архива в текущей версии: 469-716-3697

Версия 2.1.5:
• Android: целевая платформа повышена до версии 35;
• Android: обновлены пакеты поддержки MAUI;
• Windows: исправлено отображение контекстного меню журнала;
• Индексы архива в текущей версии: 467-708-3679

Версия 2.1.2:
• Обновлён интерфейс “О приложении”;
• Windows: подсказки выполнены в более компактном варианте

Версия 2.1:
• Windows: реализован полноценный интерфейс настроек приложения, все переключатели
  из журнала перенесены туда;
• Добавлены варианты цветов журнала с жёлтым и синим текстом;
• Индексы архива: 934-1388-7332

Версия 2.0.5:
• Windows: версия для Windows теперь умеет сохранять тексты длиной до 300 символов
  в форме картинок (аналогично версии для Android). Настройки вариантов на данный
  момент доступны только в Android;
• Windows: добавлена возможность переключать полупрозрачность для элементов журнала;
• Windows: элементы журнала теперь корректно реагируют на размеры окна;
• Android: реализована полупрозрачность для элементов журнала

Версия 2.0:
• Windows: поле журнала теперь имеет корректное разделение на отдельные записи.
  Каждая запись имеет своё программное поле, при нажатии на которое текст копируется
  в буфер обмена;
• Android: обновлены пакеты поддержки MAUI;
• Подписывание постов теперь распространяется только на опции «Копировать» и «Поделиться»,
  не затрагивая отображение в интерфейсе;
• Индексы архива: 930-1378-7306

Версия 1.7.1:
• Индексы архива: 926-1362-7282;
• Дополнена статистика архива

Версия 1.7:
• Android: к каждой настройке добавлено подробное описание её действия;
• Android: исправлен скрытый дефект, связанный с указанием текстовой подписи картинок;
• Скорректировано отображение статистики архива;
• Android: скорректировано отображение диалогов на картинках

Версия 1.6.8:
• Скорректировано поведение некоторых обработчиков;
• Windows: реализовано отображение статистики по архиву записей GMJ

Версия 1.6.7:
• Android: реализовано отображение статистики по архиву записей GMJ;
• Списки пропуска и цензурирования в changelog будут помечены как индексы архива
  с указанием размеров в порядке алфавитной сортировки форматов, то есть: 922-1360-7266;
• Устранено задвоение фильтрации по шаблону удалённых записей и записей,
  отброшенных самим приложением

Версия 1.6.5:
• Авторские подписи ориентированы по правой стороне;
• Уменьшен отступ до авторской подписи на сохраняемых картинках;
• Скорректированы цветовые схемы;
• Обновлены пакеты поддержки MAUI;
• Обновлены списки пропуска и цензурирования

Версия 1.6.2:
• Приложение теперь может отделять авторские подписи постов от основного текста в записях,
  которые уже были модифицированы соответствующим образом;
• Android: приложение теперь может запоминать «подвалы» записей в журнале;
• Android: реализовано выделение авторской подписи на сохраняемых картинках;
• Обновлены списки пропуска и цензурирования

Версия 1.6:
• Android: пользовательская подпись картинок теперь отображается на кнопке в разделе настроек;
• Android: реализован выбор шрифта для главного журнала;
• Инициирована специальная обработка подписанных постов с целью корректного оформления авторских
  подписей на изображениях и в журнале

Версия 1.5.8:
• Реализована замена распространённых символов расширенного Unicode, ассоциированных с некоторыми
  эмоджи, которые нельзя корректно отобразить в текстовых полях Windows и в тех шрифтах,
  которые используются для формирования картинок;
• Обновлены списки пропуска и цензурирования;
• Android: обновлён цвет фона на экране загрузки приложения

Версия 1.5.6:
• Android: скорректирована работа интерфейса на AndroidTV;
• Android: скорректирована отрисовка текста на картинках

Версия 1.5.5:
• Windows: реализован выбор цвета фона и текста для главного журнала;
• Android: добавлена возможность добавления личной подписи под формируемыми изображениями;
• Android: скорректировано именование сохраняемых файлов

Версия 1.5.1:
• Android: добавлены новые цвета для фонов картинок и главного журнала

Версия 1.5:
• Android: реализовано управление цветами главного журнала;
• Android: скорректирован порядок цветов в списке;
• Android: скорректированы значения настроек по умолчанию;
• Android: обновлены пакеты поддержки MAUI;
• Обновлены списки пропуска и цензурирования

Версия 1.4.4:
• Android: поскольку на AndroidTV реализовано дробление длинных постов, новые записи
  в журнале теперь всегда будут добавляться с конца журнала на этих устройствах;
• Android: реализована более корректная прокрутка журнала для Android TV;
• Android: исправлено «прыгающее» поведение центральной кнопки на AndroidTV;
• Android: реализована подмена символов, которые нельзя корректно отобразить на формируемых
  картинках;
• Обновлены списки пропуска и цензурирования

Версия 1.4.2:
• Применена новая айдентика;
• Android: добавлен розовый цвет картинок;
• Android: скорректированы некоторые текстовые подписи

Версия 1.4.1:
• Проведена полная ревизия индексов между VK и TG:
  - Удалены оборванные ссылки (облако VK);
  - Восстановлены недостающие индексы (файл индексов);
  - Восстановлены недостающие записи (облако TG);
  - Исправлены несоответствия и ошибки в индексах (облако TG)

Версия 1.4:
• Завершена индексация архива сообщества по параметрам алгоритма цензурирования. Проверено
  4245 индексов, в список добавлена 451 запись;
• Android: скорректировано поведение разделителя записей в журнале при больших размерах
  шрифта;
• Android: скорректированы некоторые подсказки

Версия 1.3.5:
• Windows: исправлен дефект, мешавший обращению к архиву сообщества;
• Windows: обновлён интерфейс «О приложении»;
• Android: для Android TV в силу невозможности адекватной реализации прокрутки добавлено
  дробление длинных постов на короткие, помещающиеся на один экран, а прокрутка кнопками
  теперь фактически работает как переключение фокуса между соседними текстами;
• Проверены 3500 индексов из 4243 на необходимость цензурирования; в список добавлено 405
  записей

Версия 1.3.3:
• Android: реализована другая система промотки журнала с помощью кнопок для Android TV;
• Android: возможно, исправлена автофокусировка на кнопке-семафоре на Android TV;
• Android: добавлены бордовый, тёмно-зелёный и оранжевый цвета фона картинок;
• Android: выравнивание диалогов в изображениях по левому краю теперь будет работать
  только для двух и более реплик;
• Проверены первые 1000 индексов на необходимость цензурирования; в список добавлено 148
  записей;
• Сброс списка просмотренных записей отделён от переключения режима цензурирования
  (его теперь можно отменить)

Версия 1.3:
• Реализована система цензурирования. Пользователь может включить пропуск потенциально
  неприемлемых записей, и приложение добавит их в список пропускаемых. Опция принудительно
  включена в версии для Microsoft Store по требованию площадки;
• Android: выравнивание текста теперь является переключаемым режимом. Пользователь может
  задать фиксированное выравнивание, выравнивание диалогов (диалоги выравниваются по левой
  стороне, остальные тексты – по центру) или потребовать спрашивать вариант при формировании
  каждого изображения;
• Android: добавлены варианты фона изображений «случайный» и «спросить у пользователя»;
• Android: исправлена потенциальная ошибка запуска на Android TV;
• Android: скорректировано поведение приложения на Android TV, удалены несовместимые
  элементы интерфейса;
• Android: возможно, решена проблема с прокруткой главного журнала

Версия 1.2.5:
• Из всех версий удалён лишний программный код;
• Android: реализована поддержка Android TV;
• Android: реализован выбор из нескольких цветов фона для записей-изображений;
• Android: реализована автоматическая подстройка размера шрифта в зависимости от того,
  сколько места занимает текст на изображении;
• Android: добавлена поддержка выравнивания текста на изображении по левой стороне

Версия 1.2:
• Android: реализована возможность делиться записями в виде изображений.
  Опция доступна для записей, которые могут поместиться в 9 строк по
  38 символов каждая;
• Android: обновлены пакеты поддержки MAUI;
• Android: исправлены некоторые текстовые подсказки

Версия 1.1.4:
• Windows: обновлён интерфейс «О приложении»;
• Обновлён список пропуска

Версия 1.1.3:
• Добавлена ссылка на Политику социальных сообществ;
• Android: скорректировано расположение элементов интерфейса;
• Windows: скорректировано отображение длинных записей

Версия 1.1.1:
• Android: исправлена общая проблема с отправкой писем на Android 11 и новее

Версия 1.1:
• Реализован групповой запрос записей (группами от 1 до 5 штук за одно
  нажатие кнопки);
• Обновлён список пропущенных записей;
• Добавлена функция прямого направления пользователя на опцию предложения
  собственных публикаций

Версия 1.0.5:
• Добавлено отключение подписей текстов при копировании из приложения;
• Исправлены некорректные вызовы некоторых разделов справки и поддержки

Версия 1.0:
• Реализовано самостоятельное приложение на основе функционала uNot;
• Приложение опубликовано на GitHub
